<?xml version="1.0" encoding="UTF-8"?>
<!-- Generated by org.testng.reporters.JUnitReportReporter -->
<testsuite hostname="pclap-002" name="testCases.web.TestCaseWeb" tests="4" failures="0" timestamp="16 Apr 2016 09:03:46 GMT" time="39.243" errors="0">
  <testcase name="uploadimage" time="24.023" classname="testCases.web.TestCaseWeb"/>
  <testcase name="InvalidLogin" time="4.295" classname="testCases.web.TestCaseWeb"/>
  <testcase name="ValidLogin" time="10.692" classname="testCases.web.TestCaseWeb"/>
  <testcase name="verifyuploadimage" time="0.233" classname="testCases.web.TestCaseWeb"/>
</testsuite> <!-- testCases.web.TestCaseWeb -->
