<?xml version="1.0" encoding="UTF-8"?>
<!-- Generated by org.testng.reporters.JUnitReportReporter -->
<testsuite hostname="pclap-002" name="testCases.web.TestCaseWeb" tests="4" failures="0" timestamp="19 Apr 2016 06:39:54 GMT" time="85.750" errors="0">
  <testcase name="uploadimage" time="15.827" classname="testCases.web.TestCaseWeb"/>
  <testcase name="InvalidLogin" time="62.104" classname="testCases.web.TestCaseWeb"/>
  <testcase name="ValidLogin" time="7.616" classname="testCases.web.TestCaseWeb"/>
  <testcase name="verifyuploadimage" time="0.203" classname="testCases.web.TestCaseWeb"/>
</testsuite> <!-- testCases.web.TestCaseWeb -->
